This file contains any messages produced by compilers while
running configure, to aid debugging if configure makes a mistake.

It was created by amk configure 2018, which was
generated by GNU Autoconf 2.69.  Invocation command line was

  $ ./configure 

## --------- ##
## Platform. ##
## --------- ##

hostname = LADON
uname -m = x86_64
uname -r = 3.10.0-862.14.4.el7.x86_64
uname -s = Linux
uname -v = #1 SMP Wed Sep 26 15:12:11 UTC 2018

/usr/bin/uname -p = x86_64
/bin/uname -X     = unknown

/bin/arch              = x86_64
/usr/bin/arch -k       = unknown
/usr/convex/getsysinfo = unknown
/usr/bin/hostinfo      = unknown
/bin/machine           = unknown
/usr/bin/oslevel       = unknown
/bin/universe          = unknown

PATH: /home/emilio/Programs/MOPAC
PATH: /home/emilio/Programs/G09_64/g09
PATH: .
PATH: /home/emilio/miniconda3/bin
PATH: /home/emilio/ase/bin
PATH: /usr/local/bin
PATH: /usr/bin
PATH: /usr/local/sbin
PATH: /usr/sbin
PATH: .
PATH: /home/emilio/.local/bin
PATH: /home/emilio/bin
PATH: .


## ----------- ##
## Core tests. ##
## ----------- ##

configure:1940: checking for a BSD-compatible install
configure:2008: result: /usr/bin/install -c
configure:2019: checking whether build environment is sane
configure:2074: result: yes
configure:2225: checking for a thread-safe mkdir -p
configure:2264: result: /usr/bin/mkdir -p
configure:2271: checking for gawk
configure:2287: found /usr/bin/gawk
configure:2298: result: gawk
configure:2309: checking whether make sets $(MAKE)
configure:2331: result: yes
configure:2360: checking whether make supports nested variables
configure:2377: result: yes
configure:2468: checking for gawk
configure:2495: result: gawk
configure:2510: checking whether ln -s works
configure:2514: result: yes
configure:2569: checking for gcc
configure:2585: found /usr/bin/gcc
configure:2596: result: gcc
configure:2825: checking for C compiler version
configure:2834: gcc --version >&5
gcc (GCC) 4.8.5 20150623 (Red Hat 4.8.5-28)
Copyright (C) 2015 Free Software Foundation, Inc.
This is free software; see the source for copying conditions.  There is NO
warranty; not even for MERCHANTABILITY or FITNESS FOR A PARTICULAR PURPOSE.

configure:2845: $? = 0
configure:2834: gcc -v >&5
Using built-in specs.
COLLECT_GCC=gcc
COLLECT_LTO_WRAPPER=/usr/libexec/gcc/x86_64-redhat-linux/4.8.5/lto-wrapper
Target: x86_64-redhat-linux
Configured with: ../configure --prefix=/usr --mandir=/usr/share/man --infodir=/usr/share/info --with-bugurl=http://bugzilla.redhat.com/bugzilla --enable-bootstrap --enable-shared --enable-threads=posix --enable-checking=release --with-system-zlib --enable-__cxa_atexit --disable-libunwind-exceptions --enable-gnu-unique-object --enable-linker-build-id --with-linker-hash-style=gnu --enable-languages=c,c++,objc,obj-c++,java,fortran,ada,go,lto --enable-plugin --enable-initfini-array --disable-libgcj --with-isl=/builddir/build/BUILD/gcc-4.8.5-20150702/obj-x86_64-redhat-linux/isl-install --with-cloog=/builddir/build/BUILD/gcc-4.8.5-20150702/obj-x86_64-redhat-linux/cloog-install --enable-gnu-indirect-function --with-tune=generic --with-arch_32=x86-64 --build=x86_64-redhat-linux
Thread model: posix
gcc version 4.8.5 20150623 (Red Hat 4.8.5-28) (GCC) 
configure:2845: $? = 0
configure:2834: gcc -V >&5
gcc: error: unrecognized command line option '-V'
gcc: fatal error: no input files
compilation terminated.
configure:2845: $? = 4
configure:2834: gcc -qversion >&5
gcc: error: unrecognized command line option '-qversion'
gcc: fatal error: no input files
compilation terminated.
configure:2845: $? = 4
configure:2865: checking whether the C compiler works
configure:2887: gcc    conftest.c  >&5
configure:2891: $? = 0
configure:2939: result: yes
configure:2942: checking for C compiler default output file name
configure:2944: result: a.out
configure:2950: checking for suffix of executables
configure:2957: gcc -o conftest    conftest.c  >&5
configure:2961: $? = 0
configure:2983: result: 
configure:3005: checking whether we are cross compiling
configure:3013: gcc -o conftest    conftest.c  >&5
configure:3017: $? = 0
configure:3024: ./conftest
configure:3028: $? = 0
configure:3043: result: no
configure:3048: checking for suffix of object files
configure:3070: gcc -c   conftest.c >&5
configure:3074: $? = 0
configure:3095: result: o
configure:3099: checking whether we are using the GNU C compiler
configure:3118: gcc -c   conftest.c >&5
configure:3118: $? = 0
configure:3127: result: yes
configure:3136: checking whether gcc accepts -g
configure:3156: gcc -c -g  conftest.c >&5
configure:3156: $? = 0
configure:3197: result: yes
configure:3214: checking for gcc option to accept ISO C89
configure:3277: gcc  -c -g -O2  conftest.c >&5
configure:3277: $? = 0
configure:3290: result: none needed
configure:3321: checking for style of include used by make
configure:3349: result: GNU
configure:3375: checking dependency style of gcc
configure:3486: result: none
configure:3554: checking for gfortran
configure:3570: found /usr/bin/gfortran
configure:3581: result: gfortran
configure:3607: checking for Fortran 77 compiler version
configure:3616: gfortran --version >&5
GNU Fortran (GCC) 4.8.5 20150623 (Red Hat 4.8.5-28)
Copyright (C) 2015 Free Software Foundation, Inc.

GNU Fortran comes with NO WARRANTY, to the extent permitted by law.
You may redistribute copies of GNU Fortran
under the terms of the GNU General Public License.
For more information about these matters, see the file named COPYING

configure:3627: $? = 0
configure:3616: gfortran -v >&5
Using built-in specs.
COLLECT_GCC=gfortran
COLLECT_LTO_WRAPPER=/usr/libexec/gcc/x86_64-redhat-linux/4.8.5/lto-wrapper
Target: x86_64-redhat-linux
Configured with: ../configure --prefix=/usr --mandir=/usr/share/man --infodir=/usr/share/info --with-bugurl=http://bugzilla.redhat.com/bugzilla --enable-bootstrap --enable-shared --enable-threads=posix --enable-checking=release --with-system-zlib --enable-__cxa_atexit --disable-libunwind-exceptions --enable-gnu-unique-object --enable-linker-build-id --with-linker-hash-style=gnu --enable-languages=c,c++,objc,obj-c++,java,fortran,ada,go,lto --enable-plugin --enable-initfini-array --disable-libgcj --with-isl=/builddir/build/BUILD/gcc-4.8.5-20150702/obj-x86_64-redhat-linux/isl-install --with-cloog=/builddir/build/BUILD/gcc-4.8.5-20150702/obj-x86_64-redhat-linux/cloog-install --enable-gnu-indirect-function --with-tune=generic --with-arch_32=x86-64 --build=x86_64-redhat-linux
Thread model: posix
gcc version 4.8.5 20150623 (Red Hat 4.8.5-28) (GCC) 
configure:3627: $? = 0
configure:3616: gfortran -V >&5
gfortran: error: unrecognized command line option '-V'
gfortran: fatal error: no input files
compilation terminated.
configure:3627: $? = 4
configure:3616: gfortran -qversion >&5
gfortran: error: unrecognized command line option '-qversion'
gfortran: fatal error: no input files
compilation terminated.
configure:3627: $? = 4
configure:3636: checking whether we are using the GNU Fortran 77 compiler
configure:3649: gfortran -c  conftest.F >&5
configure:3649: $? = 0
configure:3658: result: yes
configure:3664: checking whether gfortran accepts -g
configure:3675: gfortran -c -g conftest.f >&5
configure:3675: $? = 0
configure:3683: result: yes
configure:3765: checking for gfortran
configure:3781: found /usr/bin/gfortran
configure:3792: result: gfortran
configure:3818: checking for Fortran compiler version
configure:3827: gfortran --version >&5
GNU Fortran (GCC) 4.8.5 20150623 (Red Hat 4.8.5-28)
Copyright (C) 2015 Free Software Foundation, Inc.

GNU Fortran comes with NO WARRANTY, to the extent permitted by law.
You may redistribute copies of GNU Fortran
under the terms of the GNU General Public License.
For more information about these matters, see the file named COPYING

configure:3838: $? = 0
configure:3827: gfortran -v >&5
Using built-in specs.
COLLECT_GCC=gfortran
COLLECT_LTO_WRAPPER=/usr/libexec/gcc/x86_64-redhat-linux/4.8.5/lto-wrapper
Target: x86_64-redhat-linux
Configured with: ../configure --prefix=/usr --mandir=/usr/share/man --infodir=/usr/share/info --with-bugurl=http://bugzilla.redhat.com/bugzilla --enable-bootstrap --enable-shared --enable-threads=posix --enable-checking=release --with-system-zlib --enable-__cxa_atexit --disable-libunwind-exceptions --enable-gnu-unique-object --enable-linker-build-id --with-linker-hash-style=gnu --enable-languages=c,c++,objc,obj-c++,java,fortran,ada,go,lto --enable-plugin --enable-initfini-array --disable-libgcj --with-isl=/builddir/build/BUILD/gcc-4.8.5-20150702/obj-x86_64-redhat-linux/isl-install --with-cloog=/builddir/build/BUILD/gcc-4.8.5-20150702/obj-x86_64-redhat-linux/cloog-install --enable-gnu-indirect-function --with-tune=generic --with-arch_32=x86-64 --build=x86_64-redhat-linux
Thread model: posix
gcc version 4.8.5 20150623 (Red Hat 4.8.5-28) (GCC) 
configure:3838: $? = 0
configure:3827: gfortran -V >&5
gfortran: error: unrecognized command line option '-V'
gfortran: fatal error: no input files
compilation terminated.
configure:3838: $? = 4
configure:3827: gfortran -qversion >&5
gfortran: error: unrecognized command line option '-qversion'
gfortran: fatal error: no input files
compilation terminated.
configure:3838: $? = 4
configure:3847: checking whether we are using the GNU Fortran compiler
configure:3860: gfortran -c   conftest.F >&5
configure:3860: $? = 0
configure:3869: result: yes
configure:3875: checking whether gfortran accepts -g
configure:3886: gfortran -c -g  conftest.f >&5
configure:3886: $? = 0
configure:3894: result: yes
configure:3964: checking for a Python interpreter with version >= 2
configure:3981: python -c import sys # split strings by '.' and convert to numeric. Append some zeros # because we need at least 4 digits for the hex conversion. # map returns an iterator in Python 3.0 and a list in 2.x minver = list(map(int, '2'.split('.'))) + [0, 0, 0] minverhex = 0 # xrange is not present in Python 3.0 and range returns an iterator for i in list(range(0, 4)): minverhex = (minverhex << 8) + minver[i] sys.exit(sys.hexversion < minverhex)
configure:3984: $? = 0
configure:3990: result: python
configure:3998: checking for python
configure:4016: found /home/emilio/miniconda3/bin/python
configure:4028: result: /home/emilio/miniconda3/bin/python
configure:4046: checking for python version
configure:4053: result: 3.6
configure:4065: checking for python platform
configure:4072: result: linux
configure:4098: checking for python script directory
configure:4133: result: ${prefix}/lib/python3.6/site-packages
configure:4142: checking for python extension module directory
configure:4177: result: ${exec_prefix}/lib/python3.6/site-packages
configure:4191: checking for numpy python module
configure:4195: result: found
configure:4201: checking for scipy python module
configure:4205: result: found
configure:4213: checking for parallel
configure:4229: found /usr/bin/parallel
configure:4240: result: yes
configure:4254: checking for sqlite3
configure:4270: found /home/emilio/miniconda3/bin/sqlite3
configure:4281: result: yes
configure:4295: checking for zenity
configure:4313: found /usr/bin/zenity
configure:4326: result: /usr/bin/zenity
configure:4340: checking for bc
configure:4358: found /usr/bin/bc
configure:4371: result: /usr/bin/bc
configure:4386: checking for svnversion
configure:4404: found /usr/bin/svnversion
configure:4416: result: /usr/bin/svnversion
configure:4589: checking that generated files are newer than configure
configure:4595: result: done
configure:4618: creating ./config.status

## ---------------------- ##
## Running config.status. ##
## ---------------------- ##

This file was extended by amk config.status 2018, which was
generated by GNU Autoconf 2.69.  Invocation command line was

  CONFIG_FILES    = 
  CONFIG_HEADERS  = 
  CONFIG_LINKS    = 
  CONFIG_COMMANDS = 
  $ ./config.status 

on LADON

config.status:804: creating Makefile
config.status:804: creating src/Makefile
config.status:804: creating src/HL/Makefile
config.status:804: creating scripts/Makefile
config.status:804: creating scripts/CATscripts/Makefile
config.status:804: creating scripts/HLscripts/Makefile
config.status:804: creating scripts/MOPAC_DEV/Makefile
config.status:804: creating docs/Makefile
config.status:804: creating modules/Makefile
config.status:804: creating examples/Makefile
config.status:804: creating share/Makefile
config.status:804: creating share/CAT/Makefile
config.status:976: executing depfiles commands
configure:5773:

+-+-+-+-+-+-+-+-+-+-+-+-+-+-+-+-+-+-+-+-+-+-+-+-+-+-+-+-+-+
 1) "Environment Modules" must be installed in this machine.
    Then, you may add the following to your .bashrc:

    module use /home/emilio/amk-2018/modules

 2) "Gaussian09" must be installed in this machine.
    It must be invoked as:

    g09<input>output
+-+-+-+-+-+-+-+-+-+-+-+-+-+-+-+-+-+-+-+-+-+-+-+-+-+-+-+-+-+



## ---------------- ##
## Cache variables. ##
## ---------------- ##

ac_cv_c_compiler_gnu=yes
ac_cv_env_CC_set=
ac_cv_env_CC_value=
ac_cv_env_CFLAGS_set=
ac_cv_env_CFLAGS_value=
ac_cv_env_CPPFLAGS_set=
ac_cv_env_CPPFLAGS_value=
ac_cv_env_F77_set=
ac_cv_env_F77_value=
ac_cv_env_FCFLAGS_set=
ac_cv_env_FCFLAGS_value=
ac_cv_env_FC_set=
ac_cv_env_FC_value=
ac_cv_env_FFLAGS_set=
ac_cv_env_FFLAGS_value=
ac_cv_env_LDFLAGS_set=
ac_cv_env_LDFLAGS_value=
ac_cv_env_LIBS_set=
ac_cv_env_LIBS_value=
ac_cv_env_PYTHON_set=
ac_cv_env_PYTHON_value=
ac_cv_env_build_alias_set=
ac_cv_env_build_alias_value=
ac_cv_env_host_alias_set=
ac_cv_env_host_alias_value=
ac_cv_env_target_alias_set=
ac_cv_env_target_alias_value=
ac_cv_f77_compiler_gnu=yes
ac_cv_fc_compiler_gnu=yes
ac_cv_objext=o
ac_cv_path_BC_CALCULATOR=/usr/bin/bc
ac_cv_path_PYTHON=/home/emilio/miniconda3/bin/python
ac_cv_path_ZENITY=/usr/bin/zenity
ac_cv_path_install='/usr/bin/install -c'
ac_cv_path_mkdir=/usr/bin/mkdir
ac_cv_path_svnversioncommand=/usr/bin/svnversion
ac_cv_prog_AWK=gawk
ac_cv_prog_PARALLELS_CHECK=yes
ac_cv_prog_SQLITE_CHECK=yes
ac_cv_prog_ac_ct_CC=gcc
ac_cv_prog_ac_ct_F77=gfortran
ac_cv_prog_ac_ct_FC=gfortran
ac_cv_prog_cc_c89=
ac_cv_prog_cc_g=yes
ac_cv_prog_f77_g=yes
ac_cv_prog_fc_g=yes
ac_cv_prog_make_make_set=yes
am_cv_CC_dependencies_compiler_type=none
am_cv_make_support_nested_variables=yes
am_cv_pathless_PYTHON=python
am_cv_python_platform=linux
am_cv_python_pyexecdir='${exec_prefix}/lib/python3.6/site-packages'
am_cv_python_pythondir='${prefix}/lib/python3.6/site-packages'
am_cv_python_version=3.6

## ----------------- ##
## Output variables. ##
## ----------------- ##

ACLOCAL='${SHELL} /home/emilio/AutoMeKin/missing aclocal-1.13'
AMDEPBACKSLASH='\'
AMDEP_FALSE='#'
AMDEP_TRUE=''
AMTAR='$${TAR-tar}'
AM_BACKSLASH='\'
AM_DEFAULT_V='$(AM_DEFAULT_VERBOSITY)'
AM_DEFAULT_VERBOSITY='1'
AM_V='$(V)'
AUTOCONF='${SHELL} /home/emilio/AutoMeKin/missing autoconf'
AUTOHEADER='${SHELL} /home/emilio/AutoMeKin/missing autoheader'
AUTOMAKE='${SHELL} /home/emilio/AutoMeKin/missing automake-1.13'
AWK='gawk'
BC_CALCULATOR='/usr/bin/bc'
CC='gcc'
CCDEPMODE='depmode=none'
CFLAGS='-g -O2'
CPPFLAGS=''
CYGPATH_W='echo'
DEFS='-DPACKAGE_NAME=\"amk\" -DPACKAGE_TARNAME=\"amk-SOURCE\" -DPACKAGE_VERSION=\"2018\" -DPACKAGE_STRING=\"amk\ 2018\" -DPACKAGE_BUGREPORT=\"emilio.nunez@usc.es\" -DPACKAGE_URL=\"\" -DPACKAGE=\"amk-SOURCE\" -DVERSION=\"2018\" -DAMK_BUILD=\"344\"'
DEPDIR='.deps'
ECHO_C=''
ECHO_N='-n'
ECHO_T=''
EXEEXT=''
F77='gfortran'
FC='gfortran'
FCFLAGS='-g -O2'
FFLAGS='-g -O2'
INSTALL_DATA='${INSTALL} -m 644'
INSTALL_PROGRAM='${INSTALL}'
INSTALL_SCRIPT='${INSTALL}'
INSTALL_STRIP_PROGRAM='$(install_sh) -c -s'
LDFLAGS=''
LIBOBJS=''
LIBS=''
LN_S='ln -s'
LTLIBOBJS=''
MAKEINFO='${SHELL} /home/emilio/AutoMeKin/missing makeinfo'
MKDIR_P='/usr/bin/mkdir -p'
OBJEXT='o'
PACKAGE='amk-SOURCE'
PACKAGE_BUGREPORT='emilio.nunez@usc.es'
PACKAGE_NAME='amk'
PACKAGE_STRING='amk 2018'
PACKAGE_TARNAME='amk-SOURCE'
PACKAGE_URL=''
PACKAGE_VERSION='2018'
PARALLELS_CHECK='yes'
PATH_SEPARATOR=':'
PYTHON='/home/emilio/miniconda3/bin/python'
PYTHON_EXEC_PREFIX='${exec_prefix}'
PYTHON_PLATFORM='linux'
PYTHON_PREFIX='${prefix}'
PYTHON_VERSION='3.6'
SET_MAKE=''
SHELL='/bin/sh'
SQLITE_CHECK='yes'
STRIP=''
VERSION='2018'
ZENITY='/usr/bin/zenity'
ac_ct_CC='gcc'
ac_ct_F77='gfortran'
ac_ct_FC='gfortran'
am__EXEEXT_FALSE=''
am__EXEEXT_TRUE='#'
am__fastdepCC_FALSE=''
am__fastdepCC_TRUE='#'
am__include='include'
am__isrc=''
am__leading_dot='.'
am__nodep='_no'
am__quote=''
am__tar='$${TAR-tar} chof - "$$tardir"'
am__untar='$${TAR-tar} xf -'
bindir='${exec_prefix}/bin'
build_alias=''
datadir='${datarootdir}'
datarootdir='${prefix}/share'
docdir='${datarootdir}/doc/${PACKAGE_TARNAME}'
dvidir='${docdir}'
exec_prefix='${prefix}'
host_alias=''
htmldir='${docdir}'
includedir='${prefix}/include'
infodir='${datarootdir}/info'
install_sh='${SHELL} /home/emilio/AutoMeKin/install-sh'
libdir='${exec_prefix}/lib'
libexecdir='${exec_prefix}/libexec'
localedir='${datarootdir}/locale'
localstatedir='${prefix}/var'
mandir='${datarootdir}/man'
mkdir_p='$(MKDIR_P)'
oldincludedir='/usr/include'
pdfdir='${docdir}'
pkgpyexecdir='${pyexecdir}/amk-SOURCE'
pkgpythondir='${pythondir}/amk-SOURCE'
prefix='/home/emilio/amk-2018'
program_transform_name='s,x,x,'
psdir='${docdir}'
pyexecdir='${exec_prefix}/lib/python3.6/site-packages'
pythondir='${prefix}/lib/python3.6/site-packages'
sbindir='${exec_prefix}/sbin'
sharedstatedir='${prefix}/com'
svnversioncommand='/usr/bin/svnversion'
sysconfdir='${prefix}/etc'
target_alias=''

## ----------- ##
## confdefs.h. ##
## ----------- ##

/* confdefs.h */
#define PACKAGE_NAME "amk"
#define PACKAGE_TARNAME "amk-SOURCE"
#define PACKAGE_VERSION "2018"
#define PACKAGE_STRING "amk 2018"
#define PACKAGE_BUGREPORT "emilio.nunez@usc.es"
#define PACKAGE_URL ""
#define PACKAGE "amk-SOURCE"
#define VERSION "2018"
#define AMK_BUILD "344"

configure: exit 0
